        -:    0:Source:dominion.c
        -:    0:Graph:dominion.gcno
        -:    0:Data:dominion.gcda
        -:    0:Runs:1
        -:    0:Programs:1
        -:    1:#include "dominion.h"
        -:    2:#include "dominion_helpers.h"
        -:    3:#include "rngs.h"
        -:    4:#include <stdio.h>
        -:    5:#include <math.h>
        -:    6:#include <stdlib.h>
        -:    7:
        -:    8:
        -:    9:/******************************************************
        -:   10:                Card Effect Functions
        -:   11:******************************************************/
    #####:   12:void cardAdventurer(struct gameState *state, int currentPlayer) {
    #####:   13:    int cardDrawn = 0;
    #####:   14:    int drawnTreasure = 0;
        -:   15:    int tempHand[MAX_HAND];
    #####:   16:    int z = 0; // for temp hand...
        -:   17:
    #####:   18:    while(drawnTreasure < 2) {
    #####:   19:        if (state->deckCount[currentPlayer] <1) {//if the deck is empty we need to shuffle discard and add to deck
    #####:   20:            shuffle(currentPlayer, state);
        -:   21:        }
    #####:   22:        drawCard(currentPlayer, state);
    #####:   23:        cardDrawn = state->hand[currentPlayer][state->handCount[currentPlayer]-1];//top card of hand is most recently drawn card.
    #####:   24:        if (cardDrawn == copper || cardDrawn == silver || cardDrawn == gold) {
    #####:   25:            drawnTreasure++;
        -:   26:        }
        -:   27:        else {
    #####:   28:            tempHand[z] = cardDrawn;
    #####:   29:            state->handCount[currentPlayer]--; //this should just remove the top card (the most recently drawn one).
    #####:   30:            z++;
        -:   31:        }
        -:   32:    }
    #####:   33:    while(z - 1 >= 0){
    #####:   34:        state->discard[currentPlayer][state->discardCount[currentPlayer]++]=tempHand[z - 1]; // discard all cards in play that have been drawn
    #####:   35:        z = z + 1;
        -:   36:    }
    #####:   37:}
        -:   38:
     1000:   39:void cardCouncilRoom(struct gameState *state, int currentPlayer, int handPos){
        -:   40:    // Add four cards
     5000:   41:    for(int i = 0; i < 4; i++){
     4000:   42:        drawCard(currentPlayer, state);
        -:   43:    }
        -:   44:
        -:   45:    // Add buy
     1000:   46:    state->numBuys++;
        -:   47:
        -:   48:    // Every other player draws a card
     3470:   49:    for(int i = 0; i < state->numPlayers; i++){
     2470:   50:        if(i != currentPlayer){
     1470:   51:            drawCard(i, state);
        -:   52:        }
        -:   53:    }
        -:   54:
     1000:   55:    discardCard(handPos, currentPlayer, state, 0);
     1000:   56:}
        -:   57:
    #####:   58:void cardFeast(struct gameState *state, int currentPlayer, int choice1){
        -:   59:    int tempHand[MAX_HAND];
        -:   60:
        -:   61:    // Gain a card with a cost of up to 5
        -:   62:    // Backup hand?
    #####:   63:    for(int i = 0; i <= state->handCount[currentPlayer]; i++){
    #####:   64:        tempHand[i] = state->hand[currentPlayer][i]; // Backup card
    #####:   65:        state->hand[currentPlayer][i] = -1; // Set to nothing
        -:   66:    }
        -:   67:
        -:   68:    // Update coins for buy phase
    #####:   69:    updateCoins(currentPlayer, state, 5);
        -:   70:
    #####:   71:    int x = 1;
    #####:   72:    while(x == 1){ // Buy one card
    #####:   73:        if (supplyCount(choice1, state) <= 0) {
        -:   74:            if(DEBUG) {
        -:   75:                printf("None of that card left, sorry!\n");
        -:   76:                printf("Cards Left: %d\n", supplyCount(choice1, state));
        -:   77:            }
        -:   78:        }
    #####:   79:        else if (state->coins < getCost(choice1)) {
    #####:   80:            printf("That card is too expensive!\n");
        -:   81:
        -:   82:            if (DEBUG) {
        -:   83:                printf("Coins: %d < %d\n", state->coins, getCost(choice1));
        -:   84:            }
        -:   85:        }
        -:   86:        else {
        -:   87:            if (DEBUG) {
        -:   88:                printf("Deck Count: %d\n", state->handCount[currentPlayer] + state->deckCount[currentPlayer] + state->discardCount[currentPlayer]);
        -:   89:            }
        -:   90:
    #####:   91:            gainCard(choice1, state, 0, currentPlayer); //Gain the card
    #####:   92:            x = 0; //No more buying cards
        -:   93:
        -:   94:            if (DEBUG) {
        -:   95:                printf("Deck Count: %d\n", state->handCount[currentPlayer] + state->deckCount[currentPlayer] + state->discardCount[currentPlayer]);
        -:   96:            }
        -:   97:        }
        -:   98:    }
        -:   99:
        -:  100:    // Reset hand
    #####:  101:    for(int i = 0; i <= state->handCount[currentPlayer]; i++){
    #####:  102:        state->hand[currentPlayer][i] = tempHand[i];
    #####:  103:        tempHand[i] = 1;
        -:  104:    }
    #####:  105:}
        -:  106:
    #####:  107:int cardMine(struct gameState *state, int currentPlayer, int handPos, int choice1, int choice2){
        -:  108:    int j;
        -:  109:
        -:  110:    // Store card we will trash
    #####:  111:    j = state->hand[currentPlayer][choice1];
        -:  112:
    #####:  113:    if (state->hand[currentPlayer][choice1] < copper || state->hand[currentPlayer][choice1] > gold){
    #####:  114:        return 0;
        -:  115:    }
        -:  116:
    #####:  117:    if (choice2 > treasure_map || choice2 < curse){
    #####:  118:        return 0;
        -:  119:    }
        -:  120:
    #####:  121:    if ((getCost(state->hand[currentPlayer][choice1]) + 3) > getCost(choice2)) {
    #####:  122:        return 0;
        -:  123:    }
        -:  124:
    #####:  125:    gainCard (choice2, state, 2, currentPlayer);
        -:  126:
        -:  127:    //discard card from hand
    #####:  128:    discardCard (handPos, currentPlayer, state, 0);
        -:  129:
        -:  130:    //discard trashed card
    #####:  131:    for (int i = 0; i < state->handCount[currentPlayer]; i++){
    #####:  132:        if (state->hand[currentPlayer][i] == j){
    #####:  133:            discardCard(i, currentPlayer, state, 0);
    #####:  134:            break;
        -:  135:        }
        -:  136:    }
        -:  137:
    #####:  138:    return -1;
        -:  139:}
        -:  140:
    #####:  141:int cardRemodel(struct gameState *state, int currentPlayer, int handPos, int choice1, int choice2){
        -:  142:    int j;
        -:  143:
        -:  144:    // Store card we will trash
    #####:  145:    j = state->hand[currentPlayer][choice1];
        -:  146:
    #####:  147:    if ((getCost(state->hand[currentPlayer][choice1]) + 1) > getCost(choice2)){
    #####:  148:        return -1;
        -:  149:    }
        -:  150:
    #####:  151:    gainCard(choice2, state, 0, currentPlayer);
        -:  152:
        -:  153:    //discard card from hand
    #####:  154:    discardCard(handPos, currentPlayer, state, 0);
        -:  155:
        -:  156:    //discard trashed card
    #####:  157:    for (int i = 0; i < state->handCount[currentPlayer] - 1; i++){
    #####:  158:        if (state->hand[currentPlayer][i] == j){
    #####:  159:            discardCard(i, currentPlayer, state, 0);
    #####:  160:            break;
        -:  161:        }
        -:  162:    }
        -:  163:
    #####:  164:    return 0;
        -:  165:}
        -:  166:
        -:  167:
        -:  168:
        -:  169:/******************************************************
        -:  170:                Dominion Functions
        -:  171:******************************************************/
        -:  172:
        -:  173:
    26450:  174:int compare(const void* a, const void* b) {
    26450:  175:	if (*(int*)a > *(int*)b)
    #####:  176:	return 1;
    26450:  177:	if (*(int*)a < *(int*)b)
     4890:  178:	return -1;
    21560:  179:	return 0;
        -:  180:}
        -:  181:
    #####:  182:struct gameState* newGame() {
    #####:  183:	struct gameState* g = malloc(sizeof(struct gameState));
    #####:  184:	return g;
        -:  185:}
        -:  186:
    #####:  187:int* kingdomCards(int k1, int k2, int k3, int k4, int k5, int k6, int k7,
        -:  188:int k8, int k9, int k10) {
    #####:  189:	int* k = malloc(10 * sizeof(int));
    #####:  190:	k[0] = k1;
    #####:  191:	k[1] = k2;
    #####:  192:	k[2] = k3;
    #####:  193:	k[3] = k4;
    #####:  194:	k[4] = k5;
    #####:  195:	k[5] = k6;
    #####:  196:	k[6] = k7;
    #####:  197:	k[7] = k8;
    #####:  198:	k[8] = k9;
    #####:  199:	k[9] = k10;
    #####:  200:	return k;
        -:  201:}
        -:  202:
     1000:  203:int initializeGame(int numPlayers, int kingdomCards[10], int randomSeed,
        -:  204:struct gameState *state) {
        -:  205:	
        -:  206:	int i;
        -:  207:	int j;
        -:  208:	int it;
        -:  209:	//set up random number generator
     1000:  210:	SelectStream(1);
     1000:  211:	PutSeed((long)randomSeed);
        -:  212:	
        -:  213:	//check number of players
     1000:  214:	if (numPlayers > MAX_PLAYERS || numPlayers < 2)
        -:  215:	{
      508:  216:		return -1;
        -:  217:	}
        -:  218:	
        -:  219:	//set number of players
      492:  220:	state->numPlayers = numPlayers;
        -:  221:	
        -:  222:	//check selected kingdom cards are different
     5412:  223:	for (i = 0; i < 10; i++)
        -:  224:	{
    54120:  225:		for (j = 0; j < 10; j++)
        -:  226:		{
    49200:  227:			if (j != i && kingdomCards[j] == kingdomCards[i])
        -:  228:			{
    #####:  229:				return -1;
        -:  230:			}
        -:  231:		}
        -:  232:	}
        -:  233:	
        -:  234:	
        -:  235:	//initialize supply
        -:  236:	///////////////////////////////
        -:  237:	
        -:  238:	//set number of Curse cards
      492:  239:	if (numPlayers == 2)
        -:  240:	{
      257:  241:		state->supplyCount[curse] = 10;
        -:  242:	}
      235:  243:	else if (numPlayers == 3)
        -:  244:	{
      235:  245:		state->supplyCount[curse] = 20;
        -:  246:	}
        -:  247:	else
        -:  248:	{
    #####:  249:		state->supplyCount[curse] = 30;
        -:  250:	}
        -:  251:	
        -:  252:	//set number of Victory cards
      492:  253:	if (numPlayers == 2)
        -:  254:	{
      257:  255:		state->supplyCount[estate] = 8;
      257:  256:		state->supplyCount[duchy] = 8;
      257:  257:		state->supplyCount[province] = 8;
        -:  258:	}
        -:  259:	else
        -:  260:	{
      235:  261:		state->supplyCount[estate] = 12;
      235:  262:		state->supplyCount[duchy] = 12;
      235:  263:		state->supplyCount[province] = 12;
        -:  264:	}
        -:  265:	
        -:  266:	//set number of Treasure cards
      492:  267:	state->supplyCount[copper] = 60 - (7 * numPlayers);
      492:  268:	state->supplyCount[silver] = 40;
      492:  269:	state->supplyCount[gold] = 30;
        -:  270:	
        -:  271:	//set number of Kingdom cards
    10332:  272:	for (i = adventurer; i <= treasure_map; i++)       	//loop all cards
        -:  273:	{
    81180:  274:		for (j = 0; j < 10; j++)           		//loop chosen cards
        -:  275:		{
    76260:  276:			if (kingdomCards[j] == i)
        -:  277:			{
        -:  278:				//check if card is a 'Victory' Kingdom card
     4920:  279:				if (kingdomCards[j] == great_hall || kingdomCards[j] == gardens)
        -:  280:				{
      984:  281:					if (numPlayers == 2){
      257:  282:						state->supplyCount[i] = 8;
        -:  283:					}
      235:  284:					else{ state->supplyCount[i] = 12; }
        -:  285:				}
        -:  286:				else
        -:  287:				{
     4428:  288:					state->supplyCount[i] = 10;
        -:  289:				}
     4920:  290:				break;
        -:  291:			}
        -:  292:			else    //card is not in the set choosen for the game
        -:  293:			{
    71340:  294:				state->supplyCount[i] = -1;
        -:  295:			}
        -:  296:		}
        -:  297:		
        -:  298:	}
        -:  299:	
        -:  300:	////////////////////////
        -:  301:	//supply intilization complete
        -:  302:	
        -:  303:	//set player decks
     1711:  304:	for (i = 0; i < numPlayers; i++)
        -:  305:	{
     1219:  306:		state->deckCount[i] = 0;
     4876:  307:		for (j = 0; j < 3; j++)
        -:  308:		{
     3657:  309:			state->deck[i][j] = estate;
     3657:  310:			state->deckCount[i]++;
        -:  311:		}
     9752:  312:		for (j = 3; j < 10; j++)
        -:  313:		{
     8533:  314:			state->deck[i][j] = copper;
     8533:  315:			state->deckCount[i]++;
        -:  316:		}
        -:  317:	}
        -:  318:	
        -:  319:	//shuffle player decks
     1711:  320:	for (i = 0; i < numPlayers; i++)
        -:  321:	{
     1219:  322:		if ( shuffle(i, state) < 0 )
        -:  323:		{
    #####:  324:			return -1;
        -:  325:		}
        -:  326:	}
        -:  327:	
        -:  328:	//draw player hands
     1711:  329:	for (i = 0; i < numPlayers; i++)
        -:  330:	{
        -:  331:		//initialize hand size to zero
     1219:  332:		state->handCount[i] = 0;
     1219:  333:		state->discardCount[i] = 0;
        -:  334:		//draw 5 cards
        -:  335:		// for (j = 0; j < 5; j++)
        -:  336:		//	{
        -:  337:			//	  drawCard(i, state);
        -:  338:		//	}
        -:  339:	}
        -:  340:	
        -:  341:	//set embargo tokens to 0 for all supply piles
    13776:  342:	for (i = 0; i <= treasure_map; i++)
        -:  343:	{
    13284:  344:		state->embargoTokens[i] = 0;
        -:  345:	}
        -:  346:	
        -:  347:	//initialize first player's turn
      492:  348:	state->outpostPlayed = 0;
      492:  349:	state->phase = 0;
      492:  350:	state->numActions = 1;
      492:  351:	state->numBuys = 1;
      492:  352:	state->playedCardCount = 0;
      492:  353:	state->whoseTurn = 0;
      492:  354:	state->handCount[state->whoseTurn] = 0;
        -:  355:	//int it; move to top
        -:  356:	
        -:  357:	//Moved draw cards to here, only drawing at the start of a turn
     2952:  358:	for (it = 0; it < 5; it++){
     2460:  359:		drawCard(state->whoseTurn, state);
        -:  360:	}
        -:  361:	
      492:  362:	updateCoins(state->whoseTurn, state, 0);
        -:  363:	
      492:  364:	return 0;
        -:  365:}
        -:  366:
     1226:  367:int shuffle(int player, struct gameState *state) {
        -:  368:	
        -:  369:	
        -:  370:	int newDeck[MAX_DECK];
     1226:  371:	int newDeckPos = 0;
        -:  372:	int card;
        -:  373:	int i;
        -:  374:	
     1226:  375:	if (state->deckCount[player] < 1)
    #####:  376:	return -1;
     1226:  377:	qsort ((void*)(state->deck[player]), state->deckCount[player], sizeof(int), compare);
        -:  378:	/* SORT CARDS IN DECK TO ENSURE DETERMINISM! */
        -:  379:	
    16662:  380:	while (state->deckCount[player] > 0) {
    14210:  381:		card = floor(Random() * state->deckCount[player]);
    14210:  382:		newDeck[newDeckPos] = state->deck[player][card];
    14210:  383:		newDeckPos++;
   236178:  384:		for (i = card; i < state->deckCount[player]-1; i++) {
   221968:  385:			state->deck[player][i] = state->deck[player][i+1];
        -:  386:		}
    14210:  387:		state->deckCount[player]--;
        -:  388:	}
    15436:  389:	for (i = 0; i < newDeckPos; i++) {
    14210:  390:		state->deck[player][i] = newDeck[i];
    14210:  391:		state->deckCount[player]++;
        -:  392:	}
        -:  393:	
     1226:  394:	return 0;
        -:  395:}
        -:  396:
    #####:  397:int playCard(int handPos, int choice1, int choice2, int choice3, struct gameState *state)
        -:  398:{
        -:  399:	int card;
    #####:  400:	int coin_bonus = 0; 		//tracks coins gain from actions
        -:  401:	
        -:  402:	//check if it is the right phase
    #####:  403:	if (state->phase != 0)
        -:  404:	{
    #####:  405:		return -1;
        -:  406:	}
        -:  407:	
        -:  408:	//check if player has enough actions
    #####:  409:	if ( state->numActions < 1 )
        -:  410:	{
    #####:  411:		return -1;
        -:  412:	}
        -:  413:	
        -:  414:	//get card played
    #####:  415:	card = handCard(handPos, state);
        -:  416:	
        -:  417:	//check if selected card is an action
    #####:  418:	if ( card < adventurer || card > treasure_map )
        -:  419:	{
    #####:  420:		return -1;
        -:  421:	}
        -:  422:	
        -:  423:	//play card
    #####:  424:	if ( cardEffect(card, choice1, choice2, choice3, state, handPos, &coin_bonus) < 0 )
        -:  425:	{
    #####:  426:		return -1;
        -:  427:	}
        -:  428:	
        -:  429:	//reduce number of actions
    #####:  430:	state->numActions--;
        -:  431:	
        -:  432:	//update coins (Treasure cards may be added with card draws)
    #####:  433:	updateCoins(state->whoseTurn, state, coin_bonus);
        -:  434:	
    #####:  435:	return 0;
        -:  436:}
        -:  437:
    #####:  438:int buyCard(int supplyPos, struct gameState *state) {
        -:  439:	int who;
        -:  440:	if (DEBUG){
        -:  441:		printf("Entering buyCard...n");
        -:  442:	}
        -:  443:	
        -:  444:	// I don't know what to do about the phase thing.
        -:  445:	
    #####:  446:	who = state->whoseTurn;
        -:  447:	
    #####:  448:	if (state->numBuys < 1){
        -:  449:		if (DEBUG)
        -:  450:			printf("You do not have any buys leftn");
    #####:  451:			return -1;
        -:  452:		} 
    #####:  453:		else if (supplyCount(supplyPos, state) <1){
        -:  454:			if (DEBUG)
        -:  455:				printf("There are not any of that type of card leftn");
    #####:  456:				return -1;
        -:  457:		} 
    #####:  458:		else if (state->coins < getCost(supplyPos)){
        -:  459:			if (DEBUG)
        -:  460:				printf("You do not have enough money to buy that. You have %d coins.n", state->coins);
    #####:  461:				return -1;
        -:  462:		} 
        -:  463:		else {
    #####:  464:			state->phase=1;
        -:  465:			//state->supplyCount[supplyPos]--;
    #####:  466:			gainCard(supplyPos, state, 0, who); //card goes in discard, this might be wrong.. (2 means goes into hand, 0 goes into discard)
        -:  467:			
    #####:  468:			state->coins = (state->coins) - (getCost(supplyPos));
    #####:  469:			state->numBuys--;
        -:  470:			if (DEBUG) {
        -:  471:				printf("You bought card number %d for %d coins. You now have %d buys and %d coins.n", supplyPos, getCost(supplyPos), state->numBuys, state->coins);
        -:  472:			}
        -:  473:	}
        -:  474:	
        -:  475:	//state->discard[who][state->discardCount[who]] = supplyPos;
        -:  476:	//state->discardCount[who]++;
        -:  477:	
    #####:  478:	return 0;
        -:  479:}
        -:  480:
    #####:  481:int numHandCards(struct gameState *state) {
    #####:  482:	return state->handCount[ whoseTurn(state) ];
        -:  483:}
        -:  484:
    #####:  485:int handCard(int handPos, struct gameState *state) {
    #####:  486:	int currentPlayer = whoseTurn(state);
    #####:  487:	return state->hand[currentPlayer][handPos];
        -:  488:}
        -:  489:
    #####:  490:int supplyCount(int card, struct gameState *state) {
    #####:  491:	return state->supplyCount[card];
        -:  492:}
        -:  493:
    #####:  494:int fullDeckCount(int player, int card, struct gameState *state) {
        -:  495:	int i;
    #####:  496:	int count = 0;
        -:  497:	
    #####:  498:	for (i = 0; i < state->deckCount[player]; i++)
        -:  499:	{
    #####:  500:		if (state->deck[player][i] == card) count++;
        -:  501:	}
        -:  502:	
    #####:  503:	for (i = 0; i < state->handCount[player]; i++)
        -:  504:	{
    #####:  505:		if (state->hand[player][i] == card) count++;
        -:  506:	}
        -:  507:	
    #####:  508:	for (i = 0; i < state->discardCount[player]; i++)
        -:  509:	{
    #####:  510:		if (state->discard[player][i] == card) count++;
        -:  511:	}
        -:  512:	
    #####:  513:	return count;
        -:  514:}
        -:  515:
     1000:  516:int whoseTurn(struct gameState *state) {
     1000:  517:	return state->whoseTurn;
        -:  518:}
        -:  519:
    #####:  520:int endTurn(struct gameState *state) {
        -:  521:	int k;
        -:  522:	int i;
    #####:  523:	int currentPlayer = whoseTurn(state);
        -:  524:	
        -:  525:	//Discard hand
    #####:  526:	for (i = 0; i < state->handCount[currentPlayer]; i++){
    #####:  527:		state->discard[currentPlayer][state->discardCount[currentPlayer]++] = state->hand[currentPlayer][i];//Discard
    #####:  528:		state->hand[currentPlayer][i] = -1;//Set card to -1
        -:  529:	}
    #####:  530:	state->handCount[currentPlayer] = 0;//Reset hand count
        -:  531:	
        -:  532:	//Code for determining the player
    #####:  533:	if (currentPlayer < (state->numPlayers - 1)){
    #####:  534:		state->whoseTurn = currentPlayer + 1;//Still safe to increment
        -:  535:	}
        -:  536:	else{
    #####:  537:		state->whoseTurn = 0;//Max player has been reached, loop back around to player 1
        -:  538:	}
        -:  539:	
    #####:  540:	state->outpostPlayed = 0;
    #####:  541:	state->phase = 0;
    #####:  542:	state->numActions = 1;
    #####:  543:	state->coins = 0;
    #####:  544:	state->numBuys = 1;
    #####:  545:	state->playedCardCount = 0;
    #####:  546:	state->handCount[state->whoseTurn] = 0;
        -:  547:	
        -:  548:	//int k; move to top
        -:  549:	//Next player draws hand
    #####:  550:	for (k = 0; k < 5; k++){
    #####:  551:		drawCard(state->whoseTurn, state);//Draw a card
        -:  552:	}
        -:  553:	
        -:  554:	//Update money
    #####:  555:	updateCoins(state->whoseTurn, state , 0);
        -:  556:	
    #####:  557:	return 0;
        -:  558:}
        -:  559:
    #####:  560:int isGameOver(struct gameState *state) {
        -:  561:	int i;
        -:  562:	int j;
        -:  563:	
        -:  564:	//if stack of Province cards is empty, the game ends
    #####:  565:	if (state->supplyCount[province] == 0)
        -:  566:	{
    #####:  567:		return 1;
        -:  568:	}
        -:  569:	
        -:  570:	//if three supply pile are at 0, the game ends
    #####:  571:	j = 0;
    #####:  572:	for (i = 0; i < 25; i++)
        -:  573:	{
    #####:  574:		if (state->supplyCount[i] == 0)
        -:  575:		{
    #####:  576:			j++;
        -:  577:		}
        -:  578:	}
    #####:  579:	if ( j >= 3)
        -:  580:	{
    #####:  581:		return 1;
        -:  582:	}
        -:  583:	
    #####:  584:	return 0;
        -:  585:}
        -:  586:
    #####:  587:int scoreFor (int player, struct gameState *state) {
        -:  588:	
        -:  589:	int i;
    #####:  590:	int score = 0;
        -:  591:	//score from hand
    #####:  592:	for (i = 0; i < state->handCount[player]; i++)
        -:  593:	{
    #####:  594:		if (state->hand[player][i] == curse) { score = score - 1; };
    #####:  595:		if (state->hand[player][i] == estate) { score = score + 1; };
    #####:  596:		if (state->hand[player][i] == duchy) { score = score + 3; };
    #####:  597:		if (state->hand[player][i] == province) { score = score + 6; };
    #####:  598:		if (state->hand[player][i] == great_hall) { score = score + 1; };
    #####:  599:		if (state->hand[player][i] == gardens) { score = score + ( fullDeckCount(player, 0, state) / 10 ); };
        -:  600:	}
        -:  601:	
        -:  602:	//score from discard
    #####:  603:	for (i = 0; i < state->discardCount[player]; i++)
        -:  604:	{
    #####:  605:		if (state->discard[player][i] == curse) { score = score - 1; };
    #####:  606:		if (state->discard[player][i] == estate) { score = score + 1; };
    #####:  607:		if (state->discard[player][i] == duchy) { score = score + 3; };
    #####:  608:		if (state->discard[player][i] == province) { score = score + 6; };
    #####:  609:		if (state->discard[player][i] == great_hall) { score = score + 1; };
    #####:  610:		if (state->discard[player][i] == gardens) { score = score + ( fullDeckCount(player, 0, state) / 10 ); };
        -:  611:	}
        -:  612:	
        -:  613:	//score from deck
    #####:  614:	for (i = 0; i < state->discardCount[player]; i++)
        -:  615:	{
    #####:  616:		if (state->deck[player][i] == curse) { score = score - 1; };
    #####:  617:		if (state->deck[player][i] == estate) { score = score + 1; };
    #####:  618:		if (state->deck[player][i] == duchy) { score = score + 3; };
    #####:  619:		if (state->deck[player][i] == province) { score = score + 6; };
    #####:  620:		if (state->deck[player][i] == great_hall) { score = score + 1; };
    #####:  621:		if (state->deck[player][i] == gardens) { score = score + ( fullDeckCount(player, 0, state) / 10 ); };
        -:  622:	}
        -:  623:	
    #####:  624:	return score;
        -:  625:}
        -:  626:
    #####:  627:int getWinners(int players[MAX_PLAYERS], struct gameState *state) {
        -:  628:	int i;
        -:  629:	int j;
        -:  630:	int highScore;
        -:  631:	int currentPlayer;
        -:  632:	
        -:  633:	//get score for each player
    #####:  634:	for (i = 0; i < MAX_PLAYERS; i++)
        -:  635:	{
        -:  636:		//set unused player scores to -9999
    #####:  637:		if (i >= state->numPlayers)
        -:  638:		{
    #####:  639:			players[i] = -9999;
        -:  640:		}
        -:  641:		else
        -:  642:		{
    #####:  643:			players[i] = scoreFor (i, state);
        -:  644:		}
        -:  645:	}
        -:  646:	
        -:  647:	//find highest score
    #####:  648:	j = 0;
    #####:  649:	for (i = 0; i < MAX_PLAYERS; i++)
        -:  650:	{
    #####:  651:		if (players[i] > players[j])
        -:  652:		{
    #####:  653:			j = i;
        -:  654:		}
        -:  655:	}
    #####:  656:	highScore = players[j];
        -:  657:	
        -:  658:	//add 1 to players who had less turns
    #####:  659:	currentPlayer = whoseTurn(state);
    #####:  660:	for (i = 0; i < MAX_PLAYERS; i++)
        -:  661:	{
    #####:  662:		if ( players[i] == highScore && i > currentPlayer )
        -:  663:		{
    #####:  664:			players[i]++;
        -:  665:		}
        -:  666:	}
        -:  667:	
        -:  668:	//find new highest score
    #####:  669:	j = 0;
    #####:  670:	for (i = 0; i < MAX_PLAYERS; i++)
        -:  671:	{
    #####:  672:		if ( players[i] > players[j] )
        -:  673:		{
    #####:  674:			j = i;
        -:  675:		}
        -:  676:	}
    #####:  677:	highScore = players[j];
        -:  678:	
        -:  679:	//set winners in array to 1 and rest to 0
    #####:  680:	for (i = 0; i < MAX_PLAYERS; i++)
        -:  681:	{
    #####:  682:		if ( players[i] == highScore )
        -:  683:		{
    #####:  684:			players[i] = 1;
        -:  685:		}
        -:  686:		else
        -:  687:		{
    #####:  688:			players[i] = 0;
        -:  689:		}
        -:  690:	}
        -:  691:	
    #####:  692:	return 0;
        -:  693:}
        -:  694:
     7930:  695:int drawCard(int player, struct gameState *state)
        -:  696:{	int count;
        -:  697:	int deckCounter;
     7930:  698:	if (state->deckCount[player] <= 0){//Deck is empty
        -:  699:		
        -:  700:		//Step 1 Shuffle the discard pile back into a deck
        -:  701:		int i;
        -:  702:		//Move discard to deck
     2027:  703:		for (i = 0; i < state->discardCount[player];i++){
     2020:  704:			state->deck[player][i] = state->discard[player][i];
     2020:  705:			state->discard[player][i] = -1;
        -:  706:		}
        -:  707:		
        7:  708:		state->deckCount[player] = state->discardCount[player];
        7:  709:		state->discardCount[player] = 0;//Reset discard
        -:  710:		
        -:  711:		//Shufffle the deck
        7:  712:		shuffle(player, state);//Shuffle the deck up and make it so that we can draw
        -:  713:		
        -:  714:		if (DEBUG){//Debug statements
        -:  715:			printf("Deck count now: %dn", state->deckCount[player]);
        -:  716:		}
        -:  717:		
        7:  718:		state->discardCount[player] = 0;
        -:  719:		
        -:  720:		//Step 2 Draw Card
        7:  721:		count = state->handCount[player];//Get current player's hand count
        -:  722:		
        -:  723:		if (DEBUG){//Debug statements
        -:  724:			printf("Current hand count: %dn", count);
        -:  725:		}
        -:  726:		
        7:  727:		deckCounter = state->deckCount[player];//Create a holder for the deck count
        -:  728:		
        7:  729:		if (deckCounter == 0)
    #####:  730:		return -1;
        -:  731:		
        7:  732:		state->hand[player][count] = state->deck[player][deckCounter - 1];//Add card to hand
        7:  733:		state->deckCount[player]--;
        7:  734:		state->handCount[player]++;//Increment hand count
        -:  735:	}
        -:  736:	
        -:  737:	else{
     7923:  738:		int count = state->handCount[player];//Get current hand count for player
        -:  739:		int deckCounter;
        -:  740:		if (DEBUG){//Debug statements
        -:  741:			printf("Current hand count: %dn", count);
        -:  742:		}
        -:  743:		
     7923:  744:		deckCounter = state->deckCount[player];//Create holder for the deck count
     7923:  745:		state->hand[player][count] = state->deck[player][deckCounter - 1];//Add card to the hand
     7923:  746:		state->deckCount[player]--;
     7923:  747:		state->handCount[player]++;//Increment hand count
        -:  748:	}
        -:  749:	
     7930:  750:	return 0;
        -:  751:}
        -:  752:
    #####:  753:int getCost(int cardNumber)
        -:  754:{
    #####:  755:	switch( cardNumber )
        -:  756:	{
        -:  757:		case curse:
    #####:  758:		return 0;
        -:  759:		case estate:
    #####:  760:		return 2;
        -:  761:		case duchy:
    #####:  762:		return 5;
        -:  763:		case province:
    #####:  764:		return 8;
        -:  765:		case copper:
    #####:  766:		return 0;
        -:  767:		case silver:
    #####:  768:		return 3;
        -:  769:		case gold:
    #####:  770:		return 6;
        -:  771:		case adventurer:
    #####:  772:		return 6;
        -:  773:		case council_room:
    #####:  774:		return 5;
        -:  775:		case feast:
    #####:  776:		return 4;
        -:  777:		case gardens:
    #####:  778:		return 4;
        -:  779:		case mine:
    #####:  780:		return 5;
        -:  781:		case remodel:
    #####:  782:		return 4;
        -:  783:		case smithy:
    #####:  784:		return 4;
        -:  785:		case village:
    #####:  786:		return 3;
        -:  787:		case baron:
    #####:  788:		return 4;
        -:  789:		case great_hall:
    #####:  790:		return 3;
        -:  791:		case minion:
    #####:  792:		return 5;
        -:  793:		case steward:
    #####:  794:		return 3;
        -:  795:		case tribute:
    #####:  796:		return 5;
        -:  797:		case ambassador:
    #####:  798:		return 3;
        -:  799:		case cutpurse:
    #####:  800:		return 4;
        -:  801:		case embargo:
    #####:  802:		return 2;
        -:  803:		case outpost:
    #####:  804:		return 5;
        -:  805:		case salvager:
    #####:  806:		return 4;
        -:  807:		case sea_hag:
    #####:  808:		return 4;
        -:  809:		case treasure_map:
    #####:  810:		return 4;
        -:  811:	}
        -:  812:	
    #####:  813:	return -1;
        -:  814:}
        -:  815:
     1000:  816:int cardEffect(int card, int choice1, int choice2, int choice3, struct gameState *state, int handPos, int *bonus)
        -:  817:{
        -:  818:	int i;
        -:  819:	int j;
        -:  820:	int k;
        -:  821:	int x;
        -:  822:	int index;
     1000:  823:	int currentPlayer = whoseTurn(state);
     1000:  824:	int nextPlayer = currentPlayer + 1;
        -:  825:	
     1000:  826:	int tributeRevealedCards[2] = {-1, -1};
        -:  827:	int temphand[MAX_HAND];// moved above the if statement
     1000:  828:	int drawntreasure=0;
        -:  829:	int cardDrawn;
     1000:  830:	int z = 0;// this is the counter for the temp hand
     1000:  831:	if (nextPlayer > (state->numPlayers - 1)){
    #####:  832:		nextPlayer = 0;
        -:  833:	}
        -:  834:	
        -:  835:	
        -:  836:	//uses switch to select card and perform actions
     1000:  837:	switch( card )
        -:  838:	{
        -:  839:		case adventurer:
    #####:  840:            cardAdventurer(state, currentPlayer);
    #####:  841:            return 0;
        -:  842:		
        -:  843:		case council_room:
     1000:  844:            cardCouncilRoom(state, currentPlayer, handPos);
     1000:  845:            return 0;
        -:  846:
        -:  847:        case feast:
    #####:  848:            cardFeast(state, currentPlayer, choice1);
    #####:  849:            return 0;
        -:  850:		
        -:  851:		case gardens:
    #####:  852:    		return -1;
        -:  853:		
        -:  854:		case mine:
    #####:  855:            return cardMine(state, currentPlayer, handPos, choice1, choice2);
        -:  856:		
        -:  857:		case remodel:
    #####:  858:            return cardRemodel(state, currentPlayer, handPos, choice1, choice2);
        -:  859:		
        -:  860:		case smithy:
        -:  861:		//+3 Cards
    #####:  862:		for (i = 0; i < 3; i++)
        -:  863:		{
    #####:  864:			drawCard(currentPlayer, state);
        -:  865:		}
        -:  866:		
        -:  867:		//discard card from hand
    #####:  868:		discardCard(handPos, currentPlayer, state, 0);
    #####:  869:		return 0;
        -:  870:		
        -:  871:		case village:
        -:  872:		//+1 Card
    #####:  873:		drawCard(currentPlayer, state);
        -:  874:		
        -:  875:		//+2 Actions
    #####:  876:		state->numActions = state->numActions + 2;
        -:  877:		
        -:  878:		//discard played card from hand
    #####:  879:		discardCard(handPos, currentPlayer, state, 0);
    #####:  880:		return 0;
        -:  881:		
        -:  882:		case baron:
    #####:  883:		state->numBuys++;//Increase buys by 1!
    #####:  884:		if (choice1 > 0){//Boolean true or going to discard an estate
    #####:  885:			int p = 0;//Iterator for hand!
    #####:  886:			int card_not_discarded = 1;//Flag for discard set!
    #####:  887:			while(card_not_discarded){
    #####:  888:				if (state->hand[currentPlayer][p] == estate){//Found an estate card!
    #####:  889:					state->coins += 4;//Add 4 coins to the amount of coins
    #####:  890:					state->discard[currentPlayer][state->discardCount[currentPlayer]] = state->hand[currentPlayer][p];
    #####:  891:					state->discardCount[currentPlayer]++;
    #####:  892:					for (;p < state->handCount[currentPlayer]; p++){
    #####:  893:						state->hand[currentPlayer][p] = state->hand[currentPlayer][p+1];
        -:  894:					}
    #####:  895:					state->hand[currentPlayer][state->handCount[currentPlayer]] = -1;
    #####:  896:					state->handCount[currentPlayer]--;
    #####:  897:					card_not_discarded = 0;//Exit the loop
        -:  898:				}
    #####:  899:				else if (p > state->handCount[currentPlayer]){
        -:  900:					if(DEBUG) {
        -:  901:						printf("No estate cards in your hand, invalid choicen");
        -:  902:						printf("Must gain an estate if there are anyn");
        -:  903:					}
    #####:  904:					if (supplyCount(estate, state) > 0){
    #####:  905:						gainCard(estate, state, 0, currentPlayer);
    #####:  906:						state->supplyCount[estate]--;//Decrement estates
    #####:  907:						if (supplyCount(estate, state) == 0){
    #####:  908:							isGameOver(state);
        -:  909:						}
        -:  910:					}
    #####:  911:					card_not_discarded = 0;//Exit the loop
        -:  912:				}
        -:  913:				
        -:  914:				else{
    #####:  915:					p++;//Next card
        -:  916:				}
        -:  917:			}
        -:  918:		}
        -:  919:		
        -:  920:		else{
    #####:  921:			if (supplyCount(estate, state) > 0){
    #####:  922:				gainCard(estate, state, 0, currentPlayer);//Gain an estate
    #####:  923:				state->supplyCount[estate]--;//Decrement Estates
    #####:  924:				if (supplyCount(estate, state) == 0){
    #####:  925:					isGameOver(state);
        -:  926:				}
        -:  927:			}
        -:  928:		}
        -:  929:		
        -:  930:		
    #####:  931:		return 0;
        -:  932:		
        -:  933:		case great_hall:
        -:  934:		//+1 Card
    #####:  935:		drawCard(currentPlayer, state);
        -:  936:		
        -:  937:		//+1 Actions
    #####:  938:		state->numActions++;
        -:  939:		
        -:  940:		//discard card from hand
    #####:  941:		discardCard(handPos, currentPlayer, state, 0);
    #####:  942:		return 0;
        -:  943:		
        -:  944:		case minion:
        -:  945:		//+1 action
    #####:  946:		state->numActions++;
        -:  947:		
        -:  948:		//discard card from hand
    #####:  949:		discardCard(handPos, currentPlayer, state, 0);
        -:  950:		
    #####:  951:		if (choice1)		//+2 coins
        -:  952:		{
    #####:  953:			state->coins = state->coins + 2;
        -:  954:		}
        -:  955:		
    #####:  956:		else if (choice2)		//discard hand, redraw 4, other players with 5+ cards discard hand and draw 4
        -:  957:		{
        -:  958:			//discard hand
    #####:  959:			while(numHandCards(state) > 0)
        -:  960:			{
    #####:  961:				discardCard(handPos, currentPlayer, state, 0);
        -:  962:			}
        -:  963:			
        -:  964:			//draw 4
    #####:  965:			for (i = 0; i < 4; i++)
        -:  966:			{
    #####:  967:				drawCard(currentPlayer, state);
        -:  968:			}
        -:  969:			
        -:  970:			//other players discard hand and redraw if hand size > 4
    #####:  971:			for (i = 0; i < state->numPlayers; i++)
        -:  972:			{
    #####:  973:				if (i != currentPlayer)
        -:  974:				{
    #####:  975:					if ( state->handCount[i] > 4 )
        -:  976:					{
        -:  977:						//discard hand
    #####:  978:						while( state->handCount[i] > 0 )
        -:  979:						{
    #####:  980:							discardCard(handPos, i, state, 0);
        -:  981:						}
        -:  982:						
        -:  983:						//draw 4
    #####:  984:						for (j = 0; j < 4; j++)
        -:  985:						{
    #####:  986:							drawCard(i, state);
        -:  987:						}
        -:  988:					}
        -:  989:				}
        -:  990:			}
        -:  991:			
        -:  992:		}
    #####:  993:		return 0;
        -:  994:		
        -:  995:		case steward:
    #####:  996:		if (choice1 == 1)
        -:  997:		{
        -:  998:			//+2 cards
    #####:  999:			drawCard(currentPlayer, state);
    #####: 1000:			drawCard(currentPlayer, state);
        -: 1001:		}
    #####: 1002:		else if (choice1 == 2)
        -: 1003:		{
        -: 1004:			//+2 coins
    #####: 1005:			state->coins = state->coins + 2;
        -: 1006:		}
        -: 1007:		else
        -: 1008:		{
        -: 1009:			//trash 2 cards in hand
    #####: 1010:			discardCard(choice2, currentPlayer, state, 1);
    #####: 1011:			discardCard(choice3, currentPlayer, state, 1);
        -: 1012:		}
        -: 1013:		
        -: 1014:		//discard card from hand
    #####: 1015:		discardCard(handPos, currentPlayer, state, 0);
    #####: 1016:		return 0;
        -: 1017:		
        -: 1018:		case tribute:
    #####: 1019:		if ((state->discardCount[nextPlayer] + state->deckCount[nextPlayer]) <= 1){
    #####: 1020:			if (state->deckCount[nextPlayer] > 0){
    #####: 1021:				tributeRevealedCards[0] = state->deck[nextPlayer][state->deckCount[nextPlayer]-1];
    #####: 1022:				state->deckCount[nextPlayer]--;
        -: 1023:			}
    #####: 1024:			else if (state->discardCount[nextPlayer] > 0){
    #####: 1025:				tributeRevealedCards[0] = state->discard[nextPlayer][state->discardCount[nextPlayer]-1];
    #####: 1026:				state->discardCount[nextPlayer]--;
        -: 1027:			}
        -: 1028:			else{
        -: 1029:				//No Card to Reveal
        -: 1030:				if (DEBUG){
        -: 1031:					printf("No cards to revealn");
        -: 1032:				}
        -: 1033:			}
        -: 1034:		}
        -: 1035:		
        -: 1036:		else{
    #####: 1037:			if (state->deckCount[nextPlayer] == 0){
    #####: 1038:				for (i = 0; i < state->discardCount[nextPlayer]; i++){
    #####: 1039:					state->deck[nextPlayer][i] = state->discard[nextPlayer][i];//Move to deck
    #####: 1040:					state->deckCount[nextPlayer]++;
    #####: 1041:					state->discard[nextPlayer][i] = -1;
    #####: 1042:					state->discardCount[nextPlayer]--;
        -: 1043:				}
        -: 1044:				
    #####: 1045:				shuffle(nextPlayer,state);//Shuffle the deck
        -: 1046:			}
    #####: 1047:			tributeRevealedCards[0] = state->deck[nextPlayer][state->deckCount[nextPlayer]-1];
    #####: 1048:			state->deck[nextPlayer][state->deckCount[nextPlayer]--] = -1;
    #####: 1049:			state->deckCount[nextPlayer]--;
    #####: 1050:			tributeRevealedCards[1] = state->deck[nextPlayer][state->deckCount[nextPlayer]-1];
    #####: 1051:			state->deck[nextPlayer][state->deckCount[nextPlayer]--] = -1;
    #####: 1052:			state->deckCount[nextPlayer]--;
        -: 1053:		}
        -: 1054:		
    #####: 1055:		if (tributeRevealedCards[0] == tributeRevealedCards[1]){//If we have a duplicate card, just drop one
    #####: 1056:			state->playedCards[state->playedCardCount] = tributeRevealedCards[1];
    #####: 1057:			state->playedCardCount++;
    #####: 1058:			tributeRevealedCards[1] = -1;
        -: 1059:		}
        -: 1060:		
    #####: 1061:		for (i = 0; i <= 2; i ++){
    #####: 1062:			if (tributeRevealedCards[i] == copper || tributeRevealedCards[i] == silver || tributeRevealedCards[i] == gold){//Treasure cards
    #####: 1063:				state->coins += 2;
        -: 1064:			}
        -: 1065:			
    #####: 1066:			else if (tributeRevealedCards[i] == estate || tributeRevealedCards[i] == duchy || tributeRevealedCards[i] == province || tributeRevealedCards[i] == gardens || tributeRevealedCards[i] == great_hall){//Victory Card Found
    #####: 1067:				drawCard(currentPlayer, state);
    #####: 1068:				drawCard(currentPlayer, state);
        -: 1069:			}
        -: 1070:			else{//Action Card
    #####: 1071:				state->numActions = state->numActions + 2;
        -: 1072:			}
        -: 1073:		}
        -: 1074:		
    #####: 1075:		return 0;
        -: 1076:		
        -: 1077:		case ambassador:
    #####: 1078:		j = 0;		//used to check if player has enough cards to discard
        -: 1079:		
    #####: 1080:		if (choice2 > 2 || choice2 < 0)
        -: 1081:		{
    #####: 1082:			return -1;
        -: 1083:		}
        -: 1084:		
    #####: 1085:		if (choice1 == handPos)
        -: 1086:		{
    #####: 1087:			return -1;
        -: 1088:		}
        -: 1089:		
    #####: 1090:		for (i = 0; i < state->handCount[currentPlayer]; i++)
        -: 1091:		{
    #####: 1092:			if (i != handPos && i == state->hand[currentPlayer][choice1] && i != choice1)
        -: 1093:			{
    #####: 1094:				j++;
        -: 1095:			}
        -: 1096:		}
    #####: 1097:		if (j < choice2)
        -: 1098:		{
    #####: 1099:			return -1;
        -: 1100:		}
        -: 1101:		
        -: 1102:		if (DEBUG)
        -: 1103:		printf("Player %d reveals card number: %dn", currentPlayer, state->hand[currentPlayer][choice1]);
        -: 1104:		
        -: 1105:		//increase supply count for choosen card by amount being discarded
    #####: 1106:		state->supplyCount[state->hand[currentPlayer][choice1]] += choice2;
        -: 1107:		
        -: 1108:		//each other player gains a copy of revealed card
    #####: 1109:		for (i = 0; i < state->numPlayers; i++)
        -: 1110:		{
    #####: 1111:			if (i != currentPlayer)
        -: 1112:			{
    #####: 1113:				gainCard(state->hand[currentPlayer][choice1], state, 0, i);
        -: 1114:			}
        -: 1115:		}
        -: 1116:		
        -: 1117:		//discard played card from hand
    #####: 1118:		discardCard(handPos, currentPlayer, state, 0);
        -: 1119:		
        -: 1120:		//trash copies of cards returned to supply
    #####: 1121:		for (j = 0; j < choice2; j++)
        -: 1122:		{
    #####: 1123:			for (i = 0; i < state->handCount[currentPlayer]; i++)
        -: 1124:			{
    #####: 1125:				if (state->hand[currentPlayer][i] == state->hand[currentPlayer][choice1])
        -: 1126:				{
    #####: 1127:					discardCard(i, currentPlayer, state, 1);
    #####: 1128:					break;
        -: 1129:				}
        -: 1130:			}
        -: 1131:		}
        -: 1132:		
    #####: 1133:		return 0;
        -: 1134:		
        -: 1135:		case cutpurse:
        -: 1136:		
    #####: 1137:		updateCoins(currentPlayer, state, 2);
    #####: 1138:		for (i = 0; i < state->numPlayers; i++)
        -: 1139:		{
    #####: 1140:			if (i != currentPlayer)
        -: 1141:			{
    #####: 1142:				for (j = 0; j < state->handCount[i]; j++)
        -: 1143:				{
    #####: 1144:					if (state->hand[i][j] == copper)
        -: 1145:					{
    #####: 1146:						discardCard(j, i, state, 0);
    #####: 1147:						break;
        -: 1148:					}
    #####: 1149:					if (j == state->handCount[i])
        -: 1150:					{
    #####: 1151:						for (k = 0; k < state->handCount[i]; k++)
        -: 1152:						{
        -: 1153:							if (DEBUG)
        -: 1154:							printf("Player %d reveals card number %dn", i, state->hand[i][k]);
        -: 1155:						}
    #####: 1156:						break;
        -: 1157:					}
        -: 1158:				}
        -: 1159:				
        -: 1160:			}
        -: 1161:			
        -: 1162:		}
        -: 1163:		
        -: 1164:		//discard played card from hand
    #####: 1165:		discardCard(handPos, currentPlayer, state, 0);
        -: 1166:		
    #####: 1167:		return 0;
        -: 1168:		
        -: 1169:		
        -: 1170:		case embargo:
        -: 1171:		//+2 Coins
    #####: 1172:		state->coins = state->coins + 2;
        -: 1173:		
        -: 1174:		//see if selected pile is in play
    #####: 1175:		if ( state->supplyCount[choice1] == -1 )
        -: 1176:		{
    #####: 1177:			return -1;
        -: 1178:		}
        -: 1179:		
        -: 1180:		//add embargo token to selected supply pile
    #####: 1181:		state->embargoTokens[choice1]++;
        -: 1182:		
        -: 1183:		//trash card
    #####: 1184:		discardCard(handPos, currentPlayer, state, 1);
    #####: 1185:		return 0;
        -: 1186:		
        -: 1187:		case outpost:
        -: 1188:		//set outpost flag
    #####: 1189:		state->outpostPlayed++;
        -: 1190:		
        -: 1191:		//discard card
    #####: 1192:		discardCard(handPos, currentPlayer, state, 0);
    #####: 1193:		return 0;
        -: 1194:		
        -: 1195:		case salvager:
        -: 1196:		//+1 buy
    #####: 1197:		state->numBuys++;
        -: 1198:		
    #####: 1199:		if (choice1)
        -: 1200:		{
        -: 1201:			//gain coins equal to trashed card
    #####: 1202:			state->coins = state->coins + getCost( handCard(choice1, state) );
        -: 1203:			//trash card
    #####: 1204:			discardCard(choice1, currentPlayer, state, 1);
        -: 1205:		}
        -: 1206:		
        -: 1207:		//discard card
    #####: 1208:		discardCard(handPos, currentPlayer, state, 0);
    #####: 1209:		return 0;
        -: 1210:		
        -: 1211:		case sea_hag:
    #####: 1212:		for (i = 0; i < state->numPlayers; i++){
    #####: 1213:			if (i != currentPlayer){
    #####: 1214:				state->discard[i][state->discardCount[i]] = state->deck[i][state->deckCount[i]--];			    state->deckCount[i]--;
    #####: 1215:				state->discardCount[i]++;
    #####: 1216:				state->deck[i][state->deckCount[i]--] = curse;//Top card now a curse
        -: 1217:			}
        -: 1218:		}
    #####: 1219:		return 0;
        -: 1220:		
        -: 1221:		case treasure_map:
        -: 1222:		//search hand for another treasure_map
    #####: 1223:		index = -1;
    #####: 1224:		for (i = 0; i < state->handCount[currentPlayer]; i++)
        -: 1225:		{
    #####: 1226:			if (state->hand[currentPlayer][i] == treasure_map && i != handPos)
        -: 1227:			{
    #####: 1228:				index = i;
    #####: 1229:				break;
        -: 1230:			}
        -: 1231:		}
    #####: 1232:		if (index > -1)
        -: 1233:		{
        -: 1234:			//trash both treasure cards
    #####: 1235:			discardCard(handPos, currentPlayer, state, 1);
    #####: 1236:			discardCard(index, currentPlayer, state, 1);
        -: 1237:			
        -: 1238:			//gain 4 Gold cards
    #####: 1239:			for (i = 0; i < 4; i++)
        -: 1240:			{
    #####: 1241:				gainCard(gold, state, 1, currentPlayer);
        -: 1242:			}
        -: 1243:			
        -: 1244:			//return success
    #####: 1245:			return 1;
        -: 1246:		}
        -: 1247:		
        -: 1248:		//no second treasure_map found in hand
    #####: 1249:		return -1;
        -: 1250:	}
        -: 1251:	
    #####: 1252:	return -1;
        -: 1253:}
        -: 1254:
     1000: 1255:int discardCard(int handPos, int currentPlayer, struct gameState *state, int trashFlag)
        -: 1256:{
        -: 1257:	
        -: 1258:	//if card is not trashed, added to Played pile
     1000: 1259:	if (trashFlag < 1)
        -: 1260:	{
        -: 1261:		//add card to played pile
     1000: 1262:		state->playedCards[state->playedCardCount] = state->hand[currentPlayer][handPos];
     1000: 1263:		state->playedCardCount++;
        -: 1264:	}
        -: 1265:	
        -: 1266:	//set played card to -1
     1000: 1267:	state->hand[currentPlayer][handPos] = -1;
        -: 1268:	
        -: 1269:	//remove card from player's hand
     1000: 1270:	if ( handPos == (state->handCount[currentPlayer] - 1) ) 	//last card in hand array is played
        -: 1271:	{
        -: 1272:		//reduce number of cards in hand
    #####: 1273:		state->handCount[currentPlayer]--;
        -: 1274:	}
     1000: 1275:	else if ( state->handCount[currentPlayer] == 1 ) //only one card in hand
        -: 1276:	{
        -: 1277:		//reduce number of cards in hand
    #####: 1278:		state->handCount[currentPlayer]--;
        -: 1279:	}
        -: 1280:	else
        -: 1281:	{
        -: 1282:		//replace discarded card with last card in hand
     1000: 1283:		state->hand[currentPlayer][handPos] = state->hand[currentPlayer][ (state->handCount[currentPlayer] - 1)];
        -: 1284:		//set last card to -1
     1000: 1285:		state->hand[currentPlayer][state->handCount[currentPlayer] - 1] = -1;
        -: 1286:		//reduce number of cards in hand
     1000: 1287:		state->handCount[currentPlayer]--;
        -: 1288:	}
        -: 1289:	
     1000: 1290:	return 0;
        -: 1291:}
        -: 1292:
    #####: 1293:int gainCard(int supplyPos, struct gameState *state, int toFlag, int player)
        -: 1294:{
        -: 1295:	//Note: supplyPos is enum of choosen card
        -: 1296:	
        -: 1297:	//check if supply pile is empty (0) or card is not used in game (-1)
    #####: 1298:	if ( supplyCount(supplyPos, state) < 1 )
        -: 1299:	{
    #####: 1300:		return -1;
        -: 1301:	}
        -: 1302:	
        -: 1303:	//added card for [whoseTurn] current player:
        -: 1304:	// toFlag = 0 : add to discard
        -: 1305:	// toFlag = 1 : add to deck
        -: 1306:	// toFlag = 2 : add to hand
        -: 1307:	
    #####: 1308:	if (toFlag == 1)
        -: 1309:	{
    #####: 1310:		state->deck[ player ][ state->deckCount[player] ] = supplyPos;
    #####: 1311:		state->deckCount[player]++;
        -: 1312:	}
    #####: 1313:	else if (toFlag == 2)
        -: 1314:	{
    #####: 1315:		state->hand[ player ][ state->handCount[player] ] = supplyPos;
    #####: 1316:		state->handCount[player]++;
        -: 1317:	}
        -: 1318:	else
        -: 1319:	{
    #####: 1320:		state->discard[player][ state->discardCount[player] ] = supplyPos;
    #####: 1321:		state->discardCount[player]++;
        -: 1322:	}
        -: 1323:	
        -: 1324:	//decrease number in supply pile
    #####: 1325:	state->supplyCount[supplyPos]--;
        -: 1326:	
    #####: 1327:	return 0;
        -: 1328:}
        -: 1329:
      492: 1330:int updateCoins(int player, struct gameState *state, int bonus)
        -: 1331:{
        -: 1332:	int i;
        -: 1333:	
        -: 1334:	//reset coin count
      492: 1335:	state->coins = 0;
        -: 1336:	
        -: 1337:	//add coins for each Treasure card in player's hand
     2952: 1338:	for (i = 0; i < state->handCount[player]; i++)
        -: 1339:	{
     2460: 1340:		if (state->hand[player][i] == copper)
        -: 1341:		{
     1968: 1342:			state->coins += 1;
        -: 1343:		}
      492: 1344:		else if (state->hand[player][i] == silver)
        -: 1345:		{
    #####: 1346:			state->coins += 2;
        -: 1347:		}
      492: 1348:		else if (state->hand[player][i] == gold)
        -: 1349:		{
    #####: 1350:			state->coins += 3;
        -: 1351:		}
        -: 1352:	}
        -: 1353:	
        -: 1354:	//add bonus
      492: 1355:	state->coins += bonus;
        -: 1356:	
      492: 1357:	return 0;
        -: 1358:}
        -: 1359:
        -: 1360:
        -: 1361://end of dominion.c
        -: 1362:
